{"/home/n/projects/substrate-staking-rewards/server/src/error/HttpError.ts": {"path":"/home/n/projects/substrate-staking-rewards/server/src/error/HttpError.ts","statementMap":{"0":{"start":{"line":3,"column":8},"end":{"line":3,"column":23}},"1":{"start":{"line":2,"column":23},"end":{"line":2,"column":41}},"2":{"start":{"line":1,"column":0},"end":{"line":1,"column":13}}},"fnMap":{"0":{"name":"(anonymous_0)","decl":{"start":{"line":2,"column":4},"end":{"line":2,"column":23}},"loc":{"start":{"line":2,"column":58},"end":{"line":4,"column":5}}}},"branchMap":{},"s":{"0":0,"1":0,"2":1},"f":{"0":0},"b":{}}
,"/home/n/projects/substrate-staking-rewards/server/src/logger/logger.ts": {"path":"/home/n/projects/substrate-staking-rewards/server/src/logger/logger.ts","statementMap":{"0":{"start":{"line":1,"column":0},"end":{"line":1,"column":23}},"1":{"start":{"line":2,"column":0},"end":{"line":2,"column":24}},"2":{"start":{"line":4,"column":18},"end":{"line":19,"column":2}},"3":{"start":{"line":21,"column":13},"end":{"line":21,"column":127}},"4":{"start":{"line":21,"column":63},"end":{"line":21,"column":112}}},"fnMap":{"0":{"name":"(anonymous_1)","decl":{"start":{"line":21,"column":57},"end":{"line":21,"column":60}},"loc":{"start":{"line":21,"column":63},"end":{"line":21,"column":112}}}},"branchMap":{},"s":{"0":1,"1":1,"2":1,"3":1,"4":1},"f":{"0":1},"b":{}}
,"/home/n/projects/substrate-staking-rewards/server/src/service/block-time.service.ts": {"path":"/home/n/projects/substrate-staking-rewards/server/src/service/block-time.service.ts","statementMap":{"0":{"start":{"line":6,"column":24},"end":{"line":6,"column":54}},"1":{"start":{"line":10,"column":26},"end":{"line":10,"column":38}},"2":{"start":{"line":11,"column":21},"end":{"line":11,"column":71}},"3":{"start":{"line":12,"column":23},"end":{"line":12,"column":36}},"4":{"start":{"line":13,"column":29},"end":{"line":13,"column":56}},"5":{"start":{"line":14,"column":8},"end":{"line":21,"column":null}},"6":{"start":{"line":15,"column":12},"end":{"line":20,"column":null}},"7":{"start":{"line":23,"column":8},"end":{"line":30,"column":76}},"8":{"start":{"line":24,"column":32},"end":{"line":24,"column":43}},"9":{"start":{"line":25,"column":12},"end":{"line":25,"column":null}},"10":{"start":{"line":26,"column":12},"end":{"line":26,"column":null}},"11":{"start":{"line":27,"column":12},"end":{"line":29,"column":null}},"12":{"start":{"line":28,"column":16},"end":{"line":28,"column":21}},"13":{"start":{"line":32,"column":8},"end":{"line":37,"column":null}},"14":{"start":{"line":4,"column":0},"end":{"line":4,"column":13}}},"fnMap":{"0":{"name":"(anonymous_0)","decl":{"start":{"line":6,"column":4},"end":{"line":6,"column":24}},"loc":{"start":{"line":6,"column":54},"end":{"line":7,"column":5}}},"1":{"name":"(anonymous_1)","decl":{"start":{"line":9,"column":4},"end":{"line":9,"column":9}},"loc":{"start":{"line":9,"column":58},"end":{"line":38,"column":5}}}},"branchMap":{"0":{"loc":{"start":{"line":14,"column":8},"end":{"line":21,"column":null}},"type":"if","locations":[{"start":{"line":14,"column":8},"end":{"line":21,"column":null}}]},"1":{"loc":{"start":{"line":14,"column":12},"end":{"line":14,"column":62}},"type":"binary-expr","locations":[{"start":{"line":14,"column":12},"end":{"line":14,"column":17}},{"start":{"line":14,"column":21},"end":{"line":14,"column":62}}]},"2":{"loc":{"start":{"line":25,"column":59},"end":{"line":25,"column":99}},"type":"binary-expr","locations":[{"start":{"line":25,"column":59},"end":{"line":25,"column":81}},{"start":{"line":25,"column":85},"end":{"line":25,"column":99}}]},"3":{"loc":{"start":{"line":27,"column":12},"end":{"line":29,"column":null}},"type":"if","locations":[{"start":{"line":27,"column":12},"end":{"line":29,"column":null}}]}},"s":{"0":2,"1":2,"2":2,"3":2,"4":2,"5":2,"6":1,"7":1,"8":1,"9":1,"10":1,"11":1,"12":0,"13":1,"14":1},"f":{"0":2,"1":2},"b":{"0":[1],"1":[2,2],"2":[1,1],"3":[0]}}
,"/home/n/projects/substrate-staking-rewards/server/src/service/currency.service.ts": {"path":"/home/n/projects/substrate-staking-rewards/server/src/service/currency.service.ts","statementMap":{"0":{"start":{"line":1,"column":0},"end":{"line":1,"column":40}},"1":{"start":{"line":14,"column":24},"end":{"line":14,"column":64}},"2":{"start":{"line":18,"column":23},"end":{"line":18,"column":69}},"3":{"start":{"line":19,"column":31},"end":{"line":19,"column":72}},"4":{"start":{"line":21,"column":42},"end":{"line":25,"column":11}},"5":{"start":{"line":21,"column":59},"end":{"line":25,"column":10}},"6":{"start":{"line":26,"column":8},"end":{"line":37,"column":null}},"7":{"start":{"line":27,"column":28},"end":{"line":27,"column":82}},"8":{"start":{"line":28,"column":12},"end":{"line":36,"column":null}},"9":{"start":{"line":29,"column":16},"end":{"line":29,"column":null}},"10":{"start":{"line":30,"column":16},"end":{"line":30,"column":null}},"11":{"start":{"line":31,"column":19},"end":{"line":36,"column":null}},"12":{"start":{"line":32,"column":16},"end":{"line":32,"column":null}},"13":{"start":{"line":33,"column":16},"end":{"line":33,"column":null}},"14":{"start":{"line":34,"column":19},"end":{"line":36,"column":null}},"15":{"start":{"line":35,"column":16},"end":{"line":35,"column":null}},"16":{"start":{"line":38,"column":8},"end":{"line":38,"column":null}},"17":{"start":{"line":12,"column":0},"end":{"line":12,"column":13}}},"fnMap":{"0":{"name":"(anonymous_0)","decl":{"start":{"line":14,"column":4},"end":{"line":14,"column":24}},"loc":{"start":{"line":14,"column":64},"end":{"line":15,"column":5}}},"1":{"name":"(anonymous_1)","decl":{"start":{"line":17,"column":4},"end":{"line":17,"column":9}},"loc":{"start":{"line":17,"column":156},"end":{"line":39,"column":5}}},"2":{"name":"(anonymous_2)","decl":{"start":{"line":21,"column":53},"end":{"line":21,"column":54}},"loc":{"start":{"line":21,"column":59},"end":{"line":25,"column":10}}}},"branchMap":{"0":{"loc":{"start":{"line":28,"column":12},"end":{"line":36,"column":null}},"type":"if","locations":[{"start":{"line":28,"column":12},"end":{"line":36,"column":null}},{"start":{"line":31,"column":19},"end":{"line":36,"column":null}}]},"1":{"loc":{"start":{"line":31,"column":19},"end":{"line":36,"column":null}},"type":"if","locations":[{"start":{"line":31,"column":19},"end":{"line":36,"column":null}},{"start":{"line":34,"column":19},"end":{"line":36,"column":null}}]},"2":{"loc":{"start":{"line":31,"column":23},"end":{"line":31,"column":81}},"type":"binary-expr","locations":[{"start":{"line":31,"column":23},"end":{"line":31,"column":38}},{"start":{"line":31,"column":42},"end":{"line":31,"column":81}}]},"3":{"loc":{"start":{"line":34,"column":19},"end":{"line":36,"column":null}},"type":"if","locations":[{"start":{"line":34,"column":19},"end":{"line":36,"column":null}}]}},"s":{"0":1,"1":1,"2":1,"3":1,"4":1,"5":2,"6":1,"7":2,"8":2,"9":1,"10":1,"11":1,"12":1,"13":1,"14":0,"15":0,"16":1,"17":1},"f":{"0":1,"1":1,"2":2},"b":{"0":[1,1],"1":[1,0],"2":[1,1],"3":[0]}}
,"/home/n/projects/substrate-staking-rewards/server/src/subscan-api/subscan.service.ts": {"path":"/home/n/projects/substrate-staking-rewards/server/src/subscan-api/subscan.service.ts","statementMap":{"0":{"start":{"line":4,"column":0},"end":{"line":4,"column":39}},"1":{"start":{"line":6,"column":0},"end":{"line":6,"column":45}},"2":{"start":{"line":8,"column":0},"end":{"line":8,"column":68}},"3":{"start":{"line":11,"column":21},"end":{"line":11,"column":39}},"4":{"start":{"line":12,"column":4},"end":{"line":14,"column":null}},"5":{"start":{"line":13,"column":8},"end":{"line":13,"column":null}},"6":{"start":{"line":15,"column":4},"end":{"line":15,"column":null}},"7":{"start":{"line":21,"column":25},"end":{"line":26,"column":11}},"8":{"start":{"line":27,"column":21},"end":{"line":27,"column":49}},"9":{"start":{"line":28,"column":8},"end":{"line":28,"column":null}},"10":{"start":{"line":32,"column":25},"end":{"line":37,"column":11}},"11":{"start":{"line":38,"column":21},"end":{"line":38,"column":49}},"12":{"start":{"line":39,"column":34},"end":{"line":40,"column":null}},"13":{"start":{"line":40,"column":12},"end":{"line":40,"column":55}},"14":{"start":{"line":42,"column":8},"end":{"line":42,"column":null}},"15":{"start":{"line":46,"column":25},"end":{"line":53,"column":11}},"16":{"start":{"line":54,"column":8},"end":{"line":56,"column":null}},"17":{"start":{"line":55,"column":12},"end":{"line":55,"column":null}},"18":{"start":{"line":57,"column":21},"end":{"line":57,"column":42}},"19":{"start":{"line":58,"column":8},"end":{"line":58,"column":null}},"20":{"start":{"line":62,"column":19},"end":{"line":62,"column":20}},"21":{"start":{"line":63,"column":23},"end":{"line":63,"column":25}},"22":{"start":{"line":64,"column":27},"end":{"line":64,"column":29}},"23":{"start":{"line":65,"column":8},"end":{"line":72,"column":null}},"24":{"start":{"line":66,"column":12},"end":{"line":71,"column":46}},"25":{"start":{"line":68,"column":16},"end":{"line":68,"column":null}},"26":{"start":{"line":69,"column":16},"end":{"line":69,"column":null}},"27":{"start":{"line":70,"column":16},"end":{"line":70,"column":null}},"28":{"start":{"line":73,"column":8},"end":{"line":73,"column":null}},"29":{"start":{"line":77,"column":21},"end":{"line":83,"column":10}},"30":{"start":{"line":84,"column":25},"end":{"line":91,"column":11}},"31":{"start":{"line":92,"column":29},"end":{"line":92,"column":50}},"32":{"start":{"line":93,"column":33},"end":{"line":100,"column":10}},"33":{"start":{"line":94,"column":12},"end":{"line":99,"column":null}},"34":{"start":{"line":101,"column":8},"end":{"line":101,"column":null}},"35":{"start":{"line":19,"column":0},"end":{"line":19,"column":13}}},"fnMap":{"0":{"name":"handleError","decl":{"start":{"line":10,"column":15},"end":{"line":10,"column":26}},"loc":{"start":{"line":10,"column":58},"end":{"line":16,"column":1}}},"1":{"name":"(anonymous_1)","decl":{"start":{"line":20,"column":4},"end":{"line":20,"column":9}},"loc":{"start":{"line":20,"column":42},"end":{"line":29,"column":5}}},"2":{"name":"(anonymous_2)","decl":{"start":{"line":31,"column":4},"end":{"line":31,"column":9}},"loc":{"start":{"line":31,"column":39},"end":{"line":43,"column":5}}},"3":{"name":"(anonymous_3)","decl":{"start":{"line":39,"column":64},"end":{"line":39,"column":70}},"loc":{"start":{"line":40,"column":12},"end":{"line":40,"column":55}}},"4":{"name":"(anonymous_4)","decl":{"start":{"line":45,"column":4},"end":{"line":45,"column":9}},"loc":{"start":{"line":45,"column":56},"end":{"line":59,"column":5}}},"5":{"name":"(anonymous_5)","decl":{"start":{"line":61,"column":4},"end":{"line":61,"column":9}},"loc":{"start":{"line":61,"column":107},"end":{"line":74,"column":5}}},"6":{"name":"(anonymous_6)","decl":{"start":{"line":76,"column":4},"end":{"line":76,"column":9}},"loc":{"start":{"line":76,"column":159},"end":{"line":102,"column":5}}},"7":{"name":"(anonymous_7)","decl":{"start":{"line":93,"column":69},"end":{"line":93,"column":74}},"loc":{"start":{"line":93,"column":77},"end":{"line":100,"column":9}}}},"branchMap":{"0":{"loc":{"start":{"line":12,"column":4},"end":{"line":14,"column":null}},"type":"if","locations":[{"start":{"line":12,"column":4},"end":{"line":14,"column":null}}]},"1":{"loc":{"start":{"line":28,"column":30},"end":{"line":28,"column":81}},"type":"binary-expr","locations":[{"start":{"line":28,"column":30},"end":{"line":28,"column":55}},{"start":{"line":28,"column":59},"end":{"line":28,"column":81}}]},"2":{"loc":{"start":{"line":54,"column":8},"end":{"line":56,"column":null}},"type":"if","locations":[{"start":{"line":54,"column":8},"end":{"line":56,"column":null}}]},"3":{"loc":{"start":{"line":76,"column":66},"end":{"line":76,"column":83}},"type":"default-arg","locations":[{"start":{"line":76,"column":80},"end":{"line":76,"column":83}}]},"4":{"loc":{"start":{"line":76,"column":85},"end":{"line":76,"column":101}},"type":"default-arg","locations":[{"start":{"line":76,"column":100},"end":{"line":76,"column":101}}]},"5":{"loc":{"start":{"line":82,"column":25},"end":{"line":82,"column":117}},"type":"cond-expr","locations":[{"start":{"line":82,"column":78},"end":{"line":82,"column":105}},{"start":{"line":82,"column":108},"end":{"line":82,"column":117}}]},"6":{"loc":{"start":{"line":82,"column":25},"end":{"line":82,"column":75}},"type":"binary-expr","locations":[{"start":{"line":82,"column":25},"end":{"line":82,"column":48}},{"start":{"line":82,"column":52},"end":{"line":82,"column":75}}]},"7":{"loc":{"start":{"line":93,"column":34},"end":{"line":93,"column":63}},"type":"binary-expr","locations":[{"start":{"line":93,"column":34},"end":{"line":93,"column":57}},{"start":{"line":93,"column":61},"end":{"line":93,"column":63}}]}},"s":{"0":1,"1":1,"2":1,"3":5,"4":5,"5":0,"6":5,"7":2,"8":2,"9":2,"10":0,"11":0,"12":0,"13":0,"14":0,"15":3,"16":3,"17":0,"18":3,"19":3,"20":0,"21":0,"22":0,"23":0,"24":0,"25":0,"26":0,"27":0,"28":0,"29":0,"30":0,"31":0,"32":0,"33":0,"34":0,"35":1},"f":{"0":5,"1":2,"2":0,"3":0,"4":3,"5":0,"6":0,"7":0},"b":{"0":[0],"1":[2,0],"2":[0],"3":[0],"4":[0],"5":[0,0],"6":[0,0],"7":[0,0]}}
}
