TN:
SF:src/error/HttpError.ts
FN:2,(anonymous_0)
FNF:1
FNH:0
FNDA:0,(anonymous_0)
DA:1,1
DA:2,0
DA:3,0
LF:3
LH:1
BRF:0
BRH:0
end_of_record
TN:
SF:src/logger/logger.ts
FN:21,(anonymous_1)
FNF:1
FNH:1
FNDA:1,(anonymous_1)
DA:1,1
DA:2,1
DA:4,1
DA:21,1
LF:4
LH:4
BRF:0
BRH:0
end_of_record
TN:
SF:src/service/block-time.service.ts
FN:6,(anonymous_0)
FN:9,(anonymous_1)
FNF:2
FNH:2
FNDA:2,(anonymous_0)
FNDA:2,(anonymous_1)
DA:4,1
DA:6,2
DA:10,2
DA:11,2
DA:12,2
DA:13,2
DA:14,2
DA:15,1
DA:23,1
DA:24,1
DA:25,1
DA:26,1
DA:27,1
DA:28,0
DA:32,1
LF:15
LH:14
BRDA:14,0,0,1
BRDA:14,1,0,2
BRDA:14,1,1,2
BRDA:25,2,0,1
BRDA:25,2,1,1
BRDA:27,3,0,0
BRF:6
BRH:5
end_of_record
TN:
SF:src/service/currency.service.ts
FN:14,(anonymous_0)
FN:17,(anonymous_1)
FN:21,(anonymous_2)
FNF:3
FNH:3
FNDA:1,(anonymous_0)
FNDA:1,(anonymous_1)
FNDA:2,(anonymous_2)
DA:1,1
DA:12,1
DA:14,1
DA:18,1
DA:19,1
DA:21,2
DA:26,1
DA:27,2
DA:28,2
DA:29,1
DA:30,1
DA:31,1
DA:32,1
DA:33,1
DA:34,0
DA:35,0
DA:38,1
LF:17
LH:15
BRDA:28,0,0,1
BRDA:28,0,1,1
BRDA:31,1,0,1
BRDA:31,1,1,0
BRDA:31,2,0,1
BRDA:31,2,1,1
BRDA:34,3,0,0
BRF:7
BRH:5
end_of_record
TN:
SF:src/subscan-api/subscan.service.ts
FN:10,handleError
FN:20,(anonymous_1)
FN:31,(anonymous_2)
FN:39,(anonymous_3)
FN:45,(anonymous_4)
FN:61,(anonymous_5)
FN:76,(anonymous_6)
FN:93,(anonymous_7)
FNF:8
FNH:3
FNDA:5,handleError
FNDA:2,(anonymous_1)
FNDA:0,(anonymous_2)
FNDA:0,(anonymous_3)
FNDA:3,(anonymous_4)
FNDA:0,(anonymous_5)
FNDA:0,(anonymous_6)
FNDA:0,(anonymous_7)
DA:4,1
DA:6,1
DA:8,1
DA:11,5
DA:12,5
DA:13,0
DA:15,5
DA:19,1
DA:21,2
DA:27,2
DA:28,2
DA:32,0
DA:38,0
DA:39,0
DA:40,0
DA:42,0
DA:46,3
DA:54,3
DA:55,0
DA:57,3
DA:58,3
DA:62,0
DA:63,0
DA:64,0
DA:65,0
DA:66,0
DA:68,0
DA:69,0
DA:70,0
DA:73,0
DA:77,0
DA:84,0
DA:92,0
DA:93,0
DA:94,0
DA:101,0
LF:36
LH:14
BRDA:12,0,0,0
BRDA:28,1,0,2
BRDA:28,1,1,0
BRDA:54,2,0,0
BRDA:76,3,0,0
BRDA:76,4,0,0
BRDA:82,5,0,0
BRDA:82,5,1,0
BRDA:82,6,0,0
BRDA:82,6,1,0
BRDA:93,7,0,0
BRDA:93,7,1,0
BRF:12
BRH:1
end_of_record
